<!DOCTYPE html PUBLIC "-//W3C//DTD XHTML 1.1//EN" "https://www.w3.org/TR/xhtml11/DTD/xhtml11.dtd">
<html xmlns="https://www.w3.org/1999/xhtml">
<head>
<meta http-equiv="content-type" content="text/html; charset=UTF-8"/>
<title>TestNG Report</title>
<style type="text/css">table {margin-bottom:10px;border-collapse:collapse;empty-cells:show}th,td {border:1px solid #009;padding:.25em .5em}th {vertical-align:bottom}td {vertical-align:top}table a {font-weight:bold}.stripe td {background-color: #E6EBF9}.num {text-align:right}.passedodd td {background-color: #3F3}.passedeven td {background-color: #0A0}.skippedodd td {background-color: #DDD}.skippedeven td {background-color: #CCC}.failedodd td,.attn {background-color: #F33}.failedeven td,.stripe .attn {background-color: #D00}.stacktrace {white-space:pre;font-family:monospace}.totop {font-size:85%;text-align:center;border-bottom:2px solid #000}.invisible {display:none}</style>
</head>
<body>
<table>
<tr><th>Test</th><th># Passed</th><th># Skipped</th><th># Retried</th><th># Failed</th><th>Time (ms)</th><th>Included Groups</th><th>Excluded Groups</th></tr>
<tr><th colspan="8">YEA Playwright Suite</th></tr>
<tr><td><a href="#t0">YEA Login Page Test</a></td><td class="num">1</td><td class="num">0</td><td class="num">0</td><td class="num">0</td><td class="num">7,161</td><td></td><td></td></tr>
<tr class="stripe"><td><a href="#t1">YEA NonCatalog Requisition Create Page Test</a></td><td class="num">1</td><td class="num">0</td><td class="num">0</td><td class="num">0</td><td class="num">22,271</td><td></td><td></td></tr>
<tr><td><a href="#t2">YEA NonCatalog Requisition Send For Approval Page Test</a></td><td class="num">1</td><td class="num">0</td><td class="num">0</td><td class="num">0</td><td class="num">7,079</td><td></td><td></td></tr>
<tr class="stripe"><td><a href="#t3">YEA NonCatalog Requisition Assign Page Test</a></td><td class="num">1</td><td class="num">0</td><td class="num">0</td><td class="num">0</td><td class="num">7,477</td><td></td><td></td></tr>
<tr><td><a href="#t4">YEA NonCatalog Request For Quotation Create Page Test</a></td><td class="num">1</td><td class="num">0</td><td class="num">0</td><td class="num">0</td><td class="num">7,799</td><td></td><td></td></tr>
<tr class="stripe"><td><a href="#t5">YEA NonCatalog Quotation Submit Page Test</a></td><td class="num">1</td><td class="num">0</td><td class="num">0</td><td class="num">0</td><td class="num">17,594</td><td></td><td></td></tr>
<tr><td><a href="#t6">YEA NonCatalog Ready For Evaluation Page Test</a></td><td class="num">1</td><td class="num">0</td><td class="num">0</td><td class="num">0</td><td class="num">9,291</td><td></td><td></td></tr>
<tr class="stripe"><td><a href="#t7">YEA NonCatalog Technical Evaluation Page Test</a></td><td class="num">1</td><td class="num">0</td><td class="num">0</td><td class="num">0</td><td class="num">11,893</td><td></td><td></td></tr>
<tr><td><a href="#t8">YEA NonCatalog Commercial Evaluation Page Test</a></td><td class="num">1</td><td class="num">0</td><td class="num">0</td><td class="num">0</td><td class="num">6,627</td><td></td><td></td></tr>
<tr class="stripe"><td><a href="#t9">YEA NonCatalog Purchase Order Request Create Page Test</a></td><td class="num">1</td><td class="num">0</td><td class="num">0</td><td class="num">0</td><td class="num">6,289</td><td></td><td></td></tr>
<tr><td><a href="#t10">YEA NonCatalog Purchase Order Approval Page Test</a></td><td class="num">1</td><td class="num">0</td><td class="num">0</td><td class="num">0</td><td class="num">32,028</td><td></td><td></td></tr>
<tr class="stripe"><td><a href="#t11">YEA NonCatalog MSA Page Test</a></td><td class="num">1</td><td class="num">0</td><td class="num">0</td><td class="num">0</td><td class="num">5,177</td><td></td><td></td></tr>
<tr><td><a href="#t12">YEA NonCatalog Purchase Order Send For Vendor Page Test</a></td><td class="num">1</td><td class="num">0</td><td class="num">0</td><td class="num">0</td><td class="num">8,826</td><td></td><td></td></tr>
<tr class="stripe"><td><a href="#t13">YEA NonCatalog Order Schedule Create Page Test</a></td><td class="num">1</td><td class="num">0</td><td class="num">0</td><td class="num">0</td><td class="num">12,190</td><td></td><td></td></tr>
<tr><td><a href="#t14">YEA NonCatalog Order Schedule Approve Page Test</a></td><td class="num">0</td><td class="num">0</td><td class="num">0</td><td class="num attn">1</td><td class="num">48,913</td><td></td><td></td></tr>
<tr class="stripe"><td><a href="#t15">YEA NonCatalog Inspection Create Page Test</a></td><td class="num">0</td><td class="num">0</td><td class="num">0</td><td class="num attn">1</td><td class="num">15,632</td><td></td><td></td></tr>
<tr><td><a href="#t16">YEA NonCatalog Inspection Assign Page Test</a></td><td class="num">0</td><td class="num">0</td><td class="num">0</td><td class="num attn">1</td><td class="num">8,602</td><td></td><td></td></tr>
<tr class="stripe"><td><a href="#t17">YEA NonCatalog Dispatch Notes Create Page Test</a></td><td class="num">0</td><td class="num">0</td><td class="num">0</td><td class="num attn">1</td><td class="num">2,908</td><td></td><td></td></tr>
<tr><td><a href="#t18">YEA NonCatalog Dispatch Notes Assign Page Test</a></td><td class="num">0</td><td class="num">0</td><td class="num">0</td><td class="num attn">1</td><td class="num">3,010</td><td></td><td></td></tr>
<tr class="stripe"><td><a href="#t19">YEA NonCatalog Work Orders Create Page Test</a></td><td class="num">0</td><td class="num">0</td><td class="num">0</td><td class="num attn">1</td><td class="num">2,561</td><td></td><td></td></tr>
<tr><td><a href="#t20">YEA NonCatalog Work Orders Tracker Status Page Test</a></td><td class="num">0</td><td class="num">0</td><td class="num">0</td><td class="num attn">1</td><td class="num">3,109</td><td></td><td></td></tr>
<tr class="stripe"><td><a href="#t21">YEA NonCatalog Invoice Create Page Test</a></td><td class="num">0</td><td class="num">0</td><td class="num">0</td><td class="num attn">1</td><td class="num">2,593</td><td></td><td></td></tr>
<tr><th>Total</th><th class="num">14</th><th class="num">0</th><th class="num">0</th><th class="num attn">8</th><th class="num">249,030</th><th colspan="2"></th></tr>
</table>
<table id='summary'><thead><tr><th>Class</th><th>Method</th><th>Start</th><th>Time (ms)</th></tr></thead><tbody><tr><th colspan="4">YEA Playwright Suite</th></tr></tbody><tbody id="t0"><tr><th colspan="4">YEA Login Page Test &#8212; passed</th></tr><tr class="passedeven"><td rowspan="1">com.logintest.LoginPageTest</td><td><a href="#m0">LoginTestMethod</a></td><td rowspan="1">1717747191650</td><td rowspan="1">598</td></tr></tbody>
<tbody id="t1"><tr><th colspan="4">YEA NonCatalog Requisition Create Page Test &#8212; passed</th></tr><tr class="passedeven"><td rowspan="1">com.requisition.create.NonCatalogPrCreateTest</td><td><a href="#m1">NonCatalogPrCreateMethod</a></td><td rowspan="1">1717747195296</td><td rowspan="1">19274</td></tr></tbody>
<tbody id="t2"><tr><th colspan="4">YEA NonCatalog Requisition Send For Approval Page Test &#8212; passed</th></tr><tr class="passedeven"><td rowspan="1">com.requisition.sendforapproval.NonCatalogPrSendForApprovalTest</td><td><a href="#m2">NonCatalogPrAssignMethod</a></td><td rowspan="1">1717747217814</td><td rowspan="1">3766</td></tr></tbody>
<tbody id="t3"><tr><th colspan="4">YEA NonCatalog Requisition Assign Page Test &#8212; passed</th></tr><tr class="passedeven"><td rowspan="1">com.requisition.assign.RequisitionAssignTest</td><td><a href="#m3">RequisitionAssignTestMethod</a></td><td rowspan="1">1717747224864</td><td rowspan="1">4217</td></tr></tbody>
<tbody id="t4"><tr><th colspan="4">YEA NonCatalog Request For Quotation Create Page Test &#8212; passed</th></tr><tr class="passedeven"><td rowspan="1">com.requestforquotation.create.RFQCreateTest</td><td><a href="#m4">RFQCreateTestMethod</a></td><td rowspan="1">1717747231819</td><td rowspan="1">5037</td></tr></tbody>
<tbody id="t5"><tr><th colspan="4">YEA NonCatalog Quotation Submit Page Test &#8212; passed</th></tr><tr class="passedeven"><td rowspan="1">com.requestforquotation.quotationsubmit.QuotationSubmitTest</td><td><a href="#m5">QuotationSubmitMethod</a></td><td rowspan="1">1717747239757</td><td rowspan="1">14659</td></tr></tbody>
<tbody id="t6"><tr><th colspan="4">YEA NonCatalog Ready For Evaluation Page Test &#8212; passed</th></tr><tr class="passedeven"><td rowspan="1">com.requestforquotation.readyforevaluation.ReadyForEvaluationTest</td><td><a href="#m6">ReadyForEvaluationTestMethod</a></td><td rowspan="1">1717747260011</td><td rowspan="1">3773</td></tr></tbody>
<tbody id="t7"><tr><th colspan="4">YEA NonCatalog Technical Evaluation Page Test &#8212; passed</th></tr><tr class="passedeven"><td rowspan="1">com.requestforquotation.technicalevaluation.TechnicalEvaluationTest</td><td><a href="#m7">TechnicalEvaluationTestMethod</a></td><td rowspan="1">1717747266577</td><td rowspan="1">9082</td></tr></tbody>
<tbody id="t8"><tr><th colspan="4">YEA NonCatalog Commercial Evaluation Page Test &#8212; passed</th></tr><tr class="passedeven"><td rowspan="1">com.requestforquotation.commercialevaluation.CommercialEvaluationTest</td><td><a href="#m8">CommercialEvaluationTestMethod</a></td><td rowspan="1">1717747278375</td><td rowspan="1">3889</td></tr></tbody>
<tbody id="t9"><tr><th colspan="4">YEA NonCatalog Purchase Order Request Create Page Test &#8212; passed</th></tr><tr class="passedeven"><td rowspan="1">com.purchaseorderrequest.create.PorCreateTest</td><td><a href="#m9">PorCreateTestMethod</a></td><td rowspan="1">1717747284659</td><td rowspan="1">3915</td></tr></tbody>
<tbody id="t10"><tr><th colspan="4">YEA NonCatalog Purchase Order Approval Page Test &#8212; passed</th></tr><tr class="passedeven"><td rowspan="1">com.purchaseorderrequest.approval.PorApprovalTest</td><td><a href="#m10">PorApprovalTestMethod</a></td><td rowspan="1">1717747291744</td><td rowspan="1">28870</td></tr></tbody>
<tbody id="t11"><tr><th colspan="4">YEA NonCatalog MSA Page Test &#8212; passed</th></tr><tr class="passedeven"><td rowspan="1">com.msa.InspectPOTest</td><td><a href="#m11">InspectPOTestMethod</a></td><td rowspan="1">1717747323026</td><td rowspan="1">2751</td></tr></tbody>
<tbody id="t12"><tr><th colspan="4">YEA NonCatalog Purchase Order Send For Vendor Page Test &#8212; passed</th></tr><tr class="passedeven"><td rowspan="1">com.purchaseorder.POSendForVendorTest</td><td><a href="#m12">POSendForVendorTestMethod</a></td><td rowspan="1">1717747331052</td><td rowspan="1">3614</td></tr></tbody>
<tbody id="t13"><tr><th colspan="4">YEA NonCatalog Order Schedule Create Page Test &#8212; passed</th></tr><tr class="passedeven"><td rowspan="1">com.orderschedule.create.OSCreateTest</td><td><a href="#m13">OSCreateTestMethod</a></td><td rowspan="1">1717747338418</td><td rowspan="1">8176</td></tr></tbody>
<tbody id="t14"><tr><th colspan="4">YEA NonCatalog Order Schedule Approve Page Test &#8212; failed</th></tr><tr class="failedeven"><td rowspan="1">com.orderschedule.approval.OSApproveTest</td><td><a href="#m14">OSApproveTestMethod</a></td><td rowspan="1">1717747349676</td><td rowspan="1">45970</td></tr></tbody>
<tbody id="t15"><tr><th colspan="4">YEA NonCatalog Inspection Create Page Test &#8212; failed</th></tr><tr class="failedeven"><td rowspan="1">com.inspections.create.InspectionCreateTest</td><td><a href="#m15">InspectionCreateTestMethod</a></td><td rowspan="1">1717747399149</td><td rowspan="1">12231</td></tr></tbody>
<tbody id="t16"><tr><th colspan="4">YEA NonCatalog Inspection Assign Page Test &#8212; failed</th></tr><tr class="failedeven"><td rowspan="1">com.inspections.assign.InspectionAssignTest</td><td><a href="#m16">InspectionAssignTestMethod</a></td><td rowspan="1">1717747414034</td><td rowspan="1">6040</td></tr></tbody>
<tbody id="t17"><tr><th colspan="4">YEA NonCatalog Dispatch Notes Create Page Test &#8212; failed</th></tr><tr class="failedeven"><td rowspan="1">com.dispatchnotes.create.DispatchNotesCreateTest</td><td><a href="#m17">DispatchNotesCreateTestMethod</a></td><td rowspan="1">1717747423209</td><td rowspan="1">2</td></tr></tbody>
<tbody id="t18"><tr><th colspan="4">YEA NonCatalog Dispatch Notes Assign Page Test &#8212; failed</th></tr><tr class="failedeven"><td rowspan="1">com.dispatchnotes.assign.DispatchNotesAssignTest</td><td><a href="#m18">DispatchNotesAssignTestMethod</a></td><td rowspan="1">1717747425477</td><td rowspan="1">490</td></tr></tbody>
<tbody id="t19"><tr><th colspan="4">YEA NonCatalog Work Orders Create Page Test &#8212; failed</th></tr><tr class="failedeven"><td rowspan="1">com.workorders.create.WorkOrdersCreateTest</td><td><a href="#m19">WorkOrdersCreateTestMethod</a></td><td rowspan="1">1717747428781</td><td rowspan="1">2</td></tr></tbody>
<tbody id="t20"><tr><th colspan="4">YEA NonCatalog Work Orders Tracker Status Page Test &#8212; failed</th></tr><tr class="failedeven"><td rowspan="1">com.workorders.trackerstatus.WOTrackerStatusTest</td><td><a href="#m20">WOTrackerStatusTestMethod</a></td><td rowspan="1">1717747431450</td><td rowspan="1">131</td></tr></tbody>
<tbody id="t21"><tr><th colspan="4">YEA NonCatalog Invoice Create Page Test &#8212; failed</th></tr><tr class="failedeven"><td rowspan="1">com.invoice.create.InvoiceCreateTest</td><td><a href="#m21">InvoiceCreateTestMethod</a></td><td rowspan="1">1717747433845</td><td rowspan="1">379</td></tr></tbody>
</table>
<h2>YEA Login Page Test</h2><h3 id="m0">com.logintest.LoginPageTest#LoginTestMethod</h3><table class="result"><tr><th class="invisible"/></tr></table><p class="totop"><a href="#summary">back to summary</a></p>
<h2>YEA NonCatalog Requisition Create Page Test</h2><h3 id="m1">com.requisition.create.NonCatalogPrCreateTest#NonCatalogPrCreateMethod</h3><table class="result"><tr><th class="invisible"/></tr></table><p class="totop"><a href="#summary">back to summary</a></p>
<h2>YEA NonCatalog Requisition Send For Approval Page Test</h2><h3 id="m2">com.requisition.sendforapproval.NonCatalogPrSendForApprovalTest#NonCatalogPrAssignMethod</h3><table class="result"><tr><th class="invisible"/></tr></table><p class="totop"><a href="#summary">back to summary</a></p>
<h2>YEA NonCatalog Requisition Assign Page Test</h2><h3 id="m3">com.requisition.assign.RequisitionAssignTest#RequisitionAssignTestMethod</h3><table class="result"><tr><th class="invisible"/></tr></table><p class="totop"><a href="#summary">back to summary</a></p>
<h2>YEA NonCatalog Request For Quotation Create Page Test</h2><h3 id="m4">com.requestforquotation.create.RFQCreateTest#RFQCreateTestMethod</h3><table class="result"><tr><th class="invisible"/></tr></table><p class="totop"><a href="#summary">back to summary</a></p>
<h2>YEA NonCatalog Quotation Submit Page Test</h2><h3 id="m5">com.requestforquotation.quotationsubmit.QuotationSubmitTest#QuotationSubmitMethod</h3><table class="result"><tr><th class="invisible"/></tr></table><p class="totop"><a href="#summary">back to summary</a></p>
<h2>YEA NonCatalog Ready For Evaluation Page Test</h2><h3 id="m6">com.requestforquotation.readyforevaluation.ReadyForEvaluationTest#ReadyForEvaluationTestMethod</h3><table class="result"><tr><th class="invisible"/></tr></table><p class="totop"><a href="#summary">back to summary</a></p>
<h2>YEA NonCatalog Technical Evaluation Page Test</h2><h3 id="m7">com.requestforquotation.technicalevaluation.TechnicalEvaluationTest#TechnicalEvaluationTestMethod</h3><table class="result"><tr><th class="invisible"/></tr></table><p class="totop"><a href="#summary">back to summary</a></p>
<h2>YEA NonCatalog Commercial Evaluation Page Test</h2><h3 id="m8">com.requestforquotation.commercialevaluation.CommercialEvaluationTest#CommercialEvaluationTestMethod</h3><table class="result"><tr><th class="invisible"/></tr></table><p class="totop"><a href="#summary">back to summary</a></p>
<h2>YEA NonCatalog Purchase Order Request Create Page Test</h2><h3 id="m9">com.purchaseorderrequest.create.PorCreateTest#PorCreateTestMethod</h3><table class="result"><tr><th class="invisible"/></tr></table><p class="totop"><a href="#summary">back to summary</a></p>
<h2>YEA NonCatalog Purchase Order Approval Page Test</h2><h3 id="m10">com.purchaseorderrequest.approval.PorApprovalTest#PorApprovalTestMethod</h3><table class="result"><tr><th class="invisible"/></tr></table><p class="totop"><a href="#summary">back to summary</a></p>
<h2>YEA NonCatalog MSA Page Test</h2><h3 id="m11">com.msa.InspectPOTest#InspectPOTestMethod</h3><table class="result"><tr><th class="invisible"/></tr></table><p class="totop"><a href="#summary">back to summary</a></p>
<h2>YEA NonCatalog Purchase Order Send For Vendor Page Test</h2><h3 id="m12">com.purchaseorder.POSendForVendorTest#POSendForVendorTestMethod</h3><table class="result"><tr><th class="invisible"/></tr></table><p class="totop"><a href="#summary">back to summary</a></p>
<h2>YEA NonCatalog Order Schedule Create Page Test</h2><h3 id="m13">com.orderschedule.create.OSCreateTest#OSCreateTestMethod</h3><table class="result"><tr><th class="invisible"/></tr></table><p class="totop"><a href="#summary">back to summary</a></p>
<h2>YEA NonCatalog Order Schedule Approve Page Test</h2><h3 id="m14">com.orderschedule.approval.OSApproveTest#OSApproveTestMethod</h3><table class="result"><tr><th>Exception</th></tr><tr><td><div class="stacktrace">com.microsoft.playwright.TimeoutError: Error {
  message=&apos;Timeout 30000ms exceeded.
  name=&apos;TimeoutError
  stack=&apos;TimeoutError: Timeout 30000ms exceeded.
    at ProgressController.run (C:\Users\issac\AppData\Local\Temp\playwright-java-7296912848229626551\package\lib\server\progress.js:78:26)
    at Frame.click (C:\Users\issac\AppData\Local\Temp\playwright-java-7296912848229626551\package\lib\server\frames.js:996:23)
    at FrameDispatcher.click (C:\Users\issac\AppData\Local\Temp\playwright-java-7296912848229626551\package\lib\server\dispatchers\frameDispatcher.js:158:30)
    at FrameDispatcher._handleCommand (C:\Users\issac\AppData\Local\Temp\playwright-java-7296912848229626551\package\lib\server\dispatchers\dispatcher.js:94:40)
    at DispatcherConnection.dispatch (C:\Users\issac\AppData\Local\Temp\playwright-java-7296912848229626551\package\lib\server\dispatchers\dispatcher.js:365:39)
}
Call log:
- waiting for locator(&quot;//a[@onclick=&apos;user_logout()&apos;]&quot;)
-   locator resolved to &lt;a class=&quot;dropdown-item&quot; onclick=&quot;user_logout()&quot;&gt;↵                                Sign↵           …&lt;/a&gt;
- attempting click action
-   waiting for element to be visible, enabled and stable
- element was detached from the DOM, retrying
-   locator resolved to &lt;a class=&quot;dropdown-item&quot; onclick=&quot;user_logout()&quot;&gt;↵                                Sign↵           …&lt;/a&gt;
- attempting click action
-   waiting for element to be visible, enabled and stable
-   element is not visible
- retrying click action, attempt #1
-   waiting for element to be visible, enabled and stable
-   element is not visible
- retrying click action, attempt #2
-   waiting 20ms
-   waiting for element to be visible, enabled and stable
-   element is not visible
- retrying click action, attempt #3
-   waiting 100ms
-   waiting for element to be visible, enabled and stable
-   element is not visible
- retrying click action, attempt #4
-   waiting 100ms
-   waiting for element to be visible, enabled and stable
-   element is not visible
- retrying click action, attempt #5
-   waiting 500ms
-   waiting for element to be visible, enabled and stable
-   element is not visible
- retrying click action, attempt #6
-   waiting 500ms
-   waiting for element to be visible, enabled and stable
-   element is not visible
- retrying click action, attempt #7
-   waiting 500ms
-   waiting for element to be visible, enabled and stable
-   element is not visible
- retrying click action, attempt #8
-   waiting 500ms
-   waiting for element to be visible, enabled and stable
-   element is not visible
- retrying click action, attempt #9
-   waiting 500ms
-   waiting for element to be visible, enabled and stable
-   element is not visible
- retrying click action, attempt #10
-   waiting 500ms
-   waiting for element to be visible, enabled and stable
-   element is not visible
- retrying click action, attempt #11
-   waiting 500ms
-   waiting for element to be visible, enabled and stable
-   element is not visible
- retrying click action, attempt #12
-   waiting 500ms
-   waiting for element to be visible, enabled and stable
-   element is not visible
- retrying click action, attempt #13
-   waiting 500ms
-   waiting for element to be visible, enabled and stable
-   element is not visible
- retrying click action, attempt #14
-   waiting 500ms
-   waiting for element to be visible, enabled and stable
-   element is not visible
- retrying click action, attempt #15
-   waiting 500ms
-   waiting for element to be visible, enabled and stable
-   element is not visible
- retrying click action, attempt #16
-   waiting 500ms
-   waiting for element to be visible, enabled and stable
-   element is not visible
- retrying click action, attempt #17
-   waiting 500ms
-   waiting for element to be visible, enabled and stable
-   element is not visible
- retrying click action, attempt #18
-   waiting 500ms
-   waiting for element to be visible, enabled and stable
-   element is not visible
- retrying click action, attempt #19
-   waiting 500ms
-   waiting for element to be visible, enabled and stable
-   element is not visible
- retrying click action, attempt #20
-   waiting 500ms
-   waiting for element to be visible, enabled and stable
-   element is not visible
- retrying click action, attempt #21
-   waiting 500ms
-   waiting for element to be visible, enabled and stable
-   element is not visible
- retrying click action, attempt #22
-   waiting 500ms
-   waiting for element to be visible, enabled and stable
-   element is not visible
- retrying click action, attempt #23
-   waiting 500ms
-   waiting for element to be visible, enabled and stable
-   element is not visible
- retrying click action, attempt #24
-   waiting 500ms
-   waiting for element to be visible, enabled and stable
-   element is not visible
- retrying click action, attempt #25
-   waiting 500ms
-   waiting for element to be visible, enabled and stable
-   element is not visible
- retrying click action, attempt #26
-   waiting 500ms
-   waiting for element to be visible, enabled and stable
-   element is not visible
- retrying click action, attempt #27
-   waiting 500ms
-   waiting for element to be visible, enabled and stable
-   element is not visible
- retrying click action, attempt #28
-   waiting 500ms
-   waiting for element to be visible, enabled and stable
-   element is not visible
- retrying click action, attempt #29
-   waiting 500ms
-   waiting for element to be visible, enabled and stable
-   element is not visible
- retrying click action, attempt #30
-   waiting 500ms
-   waiting for element to be visible, enabled and stable
-   element is not visible
- retrying click action, attempt #31
-   waiting 500ms
-   waiting for element to be visible, enabled and stable
-   element is not visible
- retrying click action, attempt #32
-   waiting 500ms
-   waiting for element to be visible, enabled and stable
-   element is not visible
- retrying click action, attempt #33
-   waiting 500ms
-   waiting for element to be visible, enabled and stable
-   element is not visible
- retrying click action, attempt #34
-   waiting 500ms
-   waiting for element to be visible, enabled and stable
-   element is not visible
- retrying click action, attempt #35
-   waiting 500ms
-   waiting for element to be visible, enabled and stable
-   element is not visible
- retrying click action, attempt #36
-   waiting 500ms
-   waiting for element to be visible, enabled and stable
-   element is not visible
- retrying click action, attempt #37
-   waiting 500ms
-   waiting for element to be visible, enabled and stable
-   element is not visible
- retrying click action, attempt #38
-   waiting 500ms
-   waiting for element to be visible, enabled and stable
-   element is not visible
- retrying click action, attempt #39
-   waiting 500ms
-   waiting for element to be visible, enabled and stable
-   element is not visible
- retrying click action, attempt #40
-   waiting 500ms
-   waiting for element to be visible, enabled and stable
-   element is not visible
- retrying click action, attempt #41
-   waiting 500ms
-   waiting for element to be visible, enabled and stable
-   element is not visible
- retrying click action, attempt #42
-   waiting 500ms
-   waiting for element to be visible, enabled and stable
-   element is not visible
- retrying click action, attempt #43
-   waiting 500ms
-   waiting for element to be visible, enabled and stable
-   element is not visible
- retrying click action, attempt #44
-   waiting 500ms
-   waiting for element to be visible, enabled and stable
-   element is not visible
- retrying click action, attempt #45
-   waiting 500ms
-   waiting for element to be visible, enabled and stable
-   element is not visible
- retrying click action, attempt #46
-   waiting 500ms
-   waiting for element to be visible, enabled and stable
-   element is not visible
- retrying click action, attempt #47
-   waiting 500ms
-   waiting for element to be visible, enabled and stable
-   element is not visible
- retrying click action, attempt #48
-   waiting 500ms
-   waiting for element to be visible, enabled and stable
-   element is not visible
- retrying click action, attempt #49
-   waiting 500ms
-   waiting for element to be visible, enabled and stable
-   element is not visible
- retrying click action, attempt #50
-   waiting 500ms
-   waiting for element to be visible, enabled and stable
-   element is not visible
- retrying click action, attempt #51
-   waiting 500ms
-   waiting for element to be visible, enabled and stable
-   element is not visible
- retrying click action, attempt #52
-   waiting 500ms
-   waiting for element to be visible, enabled and stable
-   element is not visible
- retrying click action, attempt #53
-   waiting 500ms
-   waiting for element to be visible, enabled and stable
-   element is not visible
- retrying click action, attempt #54
-   waiting 500ms
-   waiting for element to be visible, enabled and stable
-   element is not visible
- retrying click action, attempt #55
-   waiting 500ms
-   waiting for element to be visible, enabled and stable
-   element is not visible
- retrying click action, attempt #56
-   waiting 500ms
-   waiting for element to be visible, enabled and stable
-   element is not visible
- retrying click action, attempt #57
-   waiting 500ms
-   waiting for element to be visible, enabled and stable
-   element is not visible
- retrying click action, attempt #58
-   waiting 500ms
-   waiting for element to be visible, enabled and stable
-   element is not visible
- retrying click action, attempt #59
-   waiting 500ms
-   waiting for element to be visible, enabled and stable
-   element is not visible
- retrying click action, attempt #60
-   waiting 500ms

	at com.microsoft.playwright.impl.WaitableResult.get(WaitableResult.java:52)
	at com.microsoft.playwright.impl.ChannelOwner.runUntil(ChannelOwner.java:120)
	at com.microsoft.playwright.impl.Connection.sendMessage(Connection.java:130)
	at com.microsoft.playwright.impl.ChannelOwner.sendMessage(ChannelOwner.java:106)
	at com.microsoft.playwright.impl.FrameImpl.clickImpl(FrameImpl.java:252)
	at com.microsoft.playwright.impl.FrameImpl.lambda$click$8(FrameImpl.java:243)
	at com.microsoft.playwright.impl.LoggingSupport.lambda$withLogging$0(LoggingSupport.java:36)
	at com.microsoft.playwright.impl.LoggingSupport.withLogging(LoggingSupport.java:47)
	at com.microsoft.playwright.impl.ChannelOwner.withLogging(ChannelOwner.java:89)
	at com.microsoft.playwright.impl.LoggingSupport.withLogging(LoggingSupport.java:35)
	at com.microsoft.playwright.impl.FrameImpl.click(FrameImpl.java:243)
	at com.microsoft.playwright.impl.LocatorImpl.click(LocatorImpl.java:156)
	at com.microsoft.playwright.Locator.click(Locator.java:2387)
	at com.yokogawa.logout.LogoutPage.LogoutMethod(LogoutPage.java:18)
	at com.yokogawa.orderschedule.approve.OrderScheduleApprove.OSApprove(OrderScheduleApprove.java:40)
	at com.orderschedule.approval.OSApproveTest.OSApproveTestMethod(OSApproveTest.java:9)
	at java.base/java.util.ArrayList.forEach(ArrayList.java:1597)
	at com.intellij.rt.testng.IDEARemoteTestNG.run(IDEARemoteTestNG.java:65)
	at com.intellij.rt.testng.RemoteTestNGStarter.main(RemoteTestNGStarter.java:105)
Caused by: com.microsoft.playwright.TimeoutError: Error {
  message=&apos;Timeout 30000ms exceeded.
  name=&apos;TimeoutError
  stack=&apos;TimeoutError: Timeout 30000ms exceeded.
    at ProgressController.run (C:\Users\issac\AppData\Local\Temp\playwright-java-7296912848229626551\package\lib\server\progress.js:78:26)
    at Frame.click (C:\Users\issac\AppData\Local\Temp\playwright-java-7296912848229626551\package\lib\server\frames.js:996:23)
    at FrameDispatcher.click (C:\Users\issac\AppData\Local\Temp\playwright-java-7296912848229626551\package\lib\server\dispatchers\frameDispatcher.js:158:30)
    at FrameDispatcher._handleCommand (C:\Users\issac\AppData\Local\Temp\playwright-java-7296912848229626551\package\lib\server\dispatchers\dispatcher.js:94:40)
    at DispatcherConnection.dispatch (C:\Users\issac\AppData\Local\Temp\playwright-java-7296912848229626551\package\lib\server\dispatchers\dispatcher.js:365:39)
}
Call log:
- waiting for locator(&quot;//a[@onclick=&apos;user_logout()&apos;]&quot;)
-   locator resolved to &lt;a class=&quot;dropdown-item&quot; onclick=&quot;user_logout()&quot;&gt;↵                                Sign↵           …&lt;/a&gt;
- attempting click action
-   waiting for element to be visible, enabled and stable
- element was detached from the DOM, retrying
-   locator resolved to &lt;a class=&quot;dropdown-item&quot; onclick=&quot;user_logout()&quot;&gt;↵                                Sign↵           …&lt;/a&gt;
- attempting click action
-   waiting for element to be visible, enabled and stable
-   element is not visible
- retrying click action, attempt #1
-   waiting for element to be visible, enabled and stable
-   element is not visible
- retrying click action, attempt #2
-   waiting 20ms
-   waiting for element to be visible, enabled and stable
-   element is not visible
- retrying click action, attempt #3
-   waiting 100ms
-   waiting for element to be visible, enabled and stable
-   element is not visible
- retrying click action, attempt #4
-   waiting 100ms
-   waiting for element to be visible, enabled and stable
-   element is not visible
- retrying click action, attempt #5
-   waiting 500ms
-   waiting for element to be visible, enabled and stable
-   element is not visible
- retrying click action, attempt #6
-   waiting 500ms
-   waiting for element to be visible, enabled and stable
-   element is not visible
- retrying click action, attempt #7
-   waiting 500ms
-   waiting for element to be visible, enabled and stable
-   element is not visible
- retrying click action, attempt #8
-   waiting 500ms
-   waiting for element to be visible, enabled and stable
-   element is not visible
- retrying click action, attempt #9
-   waiting 500ms
-   waiting for element to be visible, enabled and stable
-   element is not visible
- retrying click action, attempt #10
-   waiting 500ms
-   waiting for element to be visible, enabled and stable
-   element is not visible
- retrying click action, attempt #11
-   waiting 500ms
-   waiting for element to be visible, enabled and stable
-   element is not visible
- retrying click action, attempt #12
-   waiting 500ms
-   waiting for element to be visible, enabled and stable
-   element is not visible
- retrying click action, attempt #13
-   waiting 500ms
-   waiting for element to be visible, enabled and stable
-   element is not visible
- retrying click action, attempt #14
-   waiting 500ms
-   waiting for element to be visible, enabled and stable
-   element is not visible
- retrying click action, attempt #15
-   waiting 500ms
-   waiting for element to be visible, enabled and stable
-   element is not visible
- retrying click action, attempt #16
-   waiting 500ms
-   waiting for element to be visible, enabled and stable
-   element is not visible
- retrying click action, attempt #17
-   waiting 500ms
-   waiting for element to be visible, enabled and stable
-   element is not visible
- retrying click action, attempt #18
-   waiting 500ms
-   waiting for element to be visible, enabled and stable
-   element is not visible
- retrying click action, attempt #19
-   waiting 500ms
-   waiting for element to be visible, enabled and stable
-   element is not visible
- retrying click action, attempt #20
-   waiting 500ms
-   waiting for element to be visible, enabled and stable
-   element is not visible
- retrying click action, attempt #21
-   waiting 500ms
-   waiting for element to be visible, enabled and stable
-   element is not visible
- retrying click action, attempt #22
-   waiting 500ms
-   waiting for element to be visible, enabled and stable
-   element is not visible
- retrying click action, attempt #23
-   waiting 500ms
-   waiting for element to be visible, enabled and stable
-   element is not visible
- retrying click action, attempt #24
-   waiting 500ms
-   waiting for element to be visible, enabled and stable
-   element is not visible
- retrying click action, attempt #25
-   waiting 500ms
-   waiting for element to be visible, enabled and stable
-   element is not visible
- retrying click action, attempt #26
-   waiting 500ms
-   waiting for element to be visible, enabled and stable
-   element is not visible
- retrying click action, attempt #27
-   waiting 500ms
-   waiting for element to be visible, enabled and stable
-   element is not visible
- retrying click action, attempt #28
-   waiting 500ms
-   waiting for element to be visible, enabled and stable
-   element is not visible
- retrying click action, attempt #29
-   waiting 500ms
-   waiting for element to be visible, enabled and stable
-   element is not visible
- retrying click action, attempt #30
-   waiting 500ms
-   waiting for element to be visible, enabled and stable
-   element is not visible
- retrying click action, attempt #31
-   waiting 500ms
-   waiting for element to be visible, enabled and stable
-   element is not visible
- retrying click action, attempt #32
-   waiting 500ms
-   waiting for element to be visible, enabled and stable
-   element is not visible
- retrying click action, attempt #33
-   waiting 500ms
-   waiting for element to be visible, enabled and stable
-   element is not visible
- retrying click action, attempt #34
-   waiting 500ms
-   waiting for element to be visible, enabled and stable
-   element is not visible
- retrying click action, attempt #35
-   waiting 500ms
-   waiting for element to be visible, enabled and stable
-   element is not visible
- retrying click action, attempt #36
-   waiting 500ms
-   waiting for element to be visible, enabled and stable
-   element is not visible
- retrying click action, attempt #37
-   waiting 500ms
-   waiting for element to be visible, enabled and stable
-   element is not visible
- retrying click action, attempt #38
-   waiting 500ms
-   waiting for element to be visible, enabled and stable
-   element is not visible
- retrying click action, attempt #39
-   waiting 500ms
-   waiting for element to be visible, enabled and stable
-   element is not visible
- retrying click action, attempt #40
-   waiting 500ms
-   waiting for element to be visible, enabled and stable
-   element is not visible
- retrying click action, attempt #41
-   waiting 500ms
-   waiting for element to be visible, enabled and stable
-   element is not visible
- retrying click action, attempt #42
-   waiting 500ms
-   waiting for element to be visible, enabled and stable
-   element is not visible
- retrying click action, attempt #43
-   waiting 500ms
-   waiting for element to be visible, enabled and stable
-   element is not visible
- retrying click action, attempt #44
-   waiting 500ms
-   waiting for element to be visible, enabled and stable
-   element is not visible
- retrying click action, attempt #45
-   waiting 500ms
-   waiting for element to be visible, enabled and stable
-   element is not visible
- retrying click action, attempt #46
-   waiting 500ms
-   waiting for element to be visible, enabled and stable
-   element is not visible
- retrying click action, attempt #47
-   waiting 500ms
-   waiting for element to be visible, enabled and stable
-   element is not visible
- retrying click action, attempt #48
-   waiting 500ms
-   waiting for element to be visible, enabled and stable
-   element is not visible
- retrying click action, attempt #49
-   waiting 500ms
-   waiting for element to be visible, enabled and stable
-   element is not visible
- retrying click action, attempt #50
-   waiting 500ms
-   waiting for element to be visible, enabled and stable
-   element is not visible
- retrying click action, attempt #51
-   waiting 500ms
-   waiting for element to be visible, enabled and stable
-   element is not visible
- retrying click action, attempt #52
-   waiting 500ms
-   waiting for element to be visible, enabled and stable
-   element is not visible
- retrying click action, attempt #53
-   waiting 500ms
-   waiting for element to be visible, enabled and stable
-   element is not visible
- retrying click action, attempt #54
-   waiting 500ms
-   waiting for element to be visible, enabled and stable
-   element is not visible
- retrying click action, attempt #55
-   waiting 500ms
-   waiting for element to be visible, enabled and stable
-   element is not visible
- retrying click action, attempt #56
-   waiting 500ms
-   waiting for element to be visible, enabled and stable
-   element is not visible
- retrying click action, attempt #57
-   waiting 500ms
-   waiting for element to be visible, enabled and stable
-   element is not visible
- retrying click action, attempt #58
-   waiting 500ms
-   waiting for element to be visible, enabled and stable
-   element is not visible
- retrying click action, attempt #59
-   waiting 500ms
-   waiting for element to be visible, enabled and stable
-   element is not visible
- retrying click action, attempt #60
-   waiting 500ms

	at com.microsoft.playwright.impl.Connection.dispatch(Connection.java:254)
	at com.microsoft.playwright.impl.Connection.processOneMessage(Connection.java:211)
	at com.microsoft.playwright.impl.ChannelOwner.runUntil(ChannelOwner.java:118)
	... 39 more
... Removed 22 stack frames</div></td></tr></table><p class="totop"><a href="#summary">back to summary</a></p>
<h2>YEA NonCatalog Inspection Create Page Test</h2><h3 id="m15">com.inspections.create.InspectionCreateTest#InspectionCreateTestMethod</h3><table class="result"><tr><th>Exception</th></tr><tr><td><div class="stacktrace">com.microsoft.playwright.PlaywrightException: Error {
  message=&apos;Target page, context or browser has been closed
  name=&apos;TargetClosedError
  stack=&apos;TargetClosedError: Target page, context or browser has been closed
    at DispatcherConnection.dispatch (C:\Users\issac\AppData\Local\Temp\playwright-java-7296912848229626551\package\lib\server\dispatchers\dispatcher.js:379:15)
}
Call log:
- waiting for locator(&quot;#btnSendForInspection&quot;)

	at com.microsoft.playwright.impl.WaitableResult.get(WaitableResult.java:54)
	at com.microsoft.playwright.impl.ChannelOwner.runUntil(ChannelOwner.java:120)
	at com.microsoft.playwright.impl.Connection.sendMessage(Connection.java:130)
	at com.microsoft.playwright.impl.ChannelOwner.sendMessage(ChannelOwner.java:106)
	at com.microsoft.playwright.impl.FrameImpl.clickImpl(FrameImpl.java:252)
	at com.microsoft.playwright.impl.FrameImpl.lambda$click$8(FrameImpl.java:243)
	at com.microsoft.playwright.impl.LoggingSupport.lambda$withLogging$0(LoggingSupport.java:36)
	at com.microsoft.playwright.impl.LoggingSupport.withLogging(LoggingSupport.java:47)
	at com.microsoft.playwright.impl.ChannelOwner.withLogging(ChannelOwner.java:89)
	at com.microsoft.playwright.impl.LoggingSupport.withLogging(LoggingSupport.java:35)
	at com.microsoft.playwright.impl.FrameImpl.click(FrameImpl.java:243)
	at com.microsoft.playwright.impl.LocatorImpl.click(LocatorImpl.java:156)
	at com.microsoft.playwright.Locator.click(Locator.java:2387)
	at com.yokogawa.inspections.create.InspectionCreate.VendorInspectionCreate(InspectionCreate.java:37)
	at com.inspections.create.InspectionCreateTest.InspectionCreateTestMethod(InspectionCreateTest.java:9)
	at java.base/java.util.ArrayList.forEach(ArrayList.java:1597)
	at com.intellij.rt.testng.IDEARemoteTestNG.run(IDEARemoteTestNG.java:65)
	at com.intellij.rt.testng.RemoteTestNGStarter.main(RemoteTestNGStarter.java:105)
Caused by: com.microsoft.playwright.impl.TargetClosedError: Error {
  message=&apos;Target page, context or browser has been closed
  name=&apos;TargetClosedError
  stack=&apos;TargetClosedError: Target page, context or browser has been closed
    at DispatcherConnection.dispatch (C:\Users\issac\AppData\Local\Temp\playwright-java-7296912848229626551\package\lib\server\dispatchers\dispatcher.js:379:15)
}
Call log:
- waiting for locator(&quot;#btnSendForInspection&quot;)

	at com.microsoft.playwright.impl.Connection.dispatch(Connection.java:256)
	at com.microsoft.playwright.impl.Connection.processOneMessage(Connection.java:211)
	at com.microsoft.playwright.impl.ChannelOwner.runUntil(ChannelOwner.java:118)
	... 38 more
... Removed 22 stack frames</div></td></tr></table><p class="totop"><a href="#summary">back to summary</a></p>
<h2>YEA NonCatalog Inspection Assign Page Test</h2><h3 id="m16">com.inspections.assign.InspectionAssignTest#InspectionAssignTestMethod</h3><table class="result"><tr><th>Exception</th></tr><tr><td><div class="stacktrace">com.microsoft.playwright.PlaywrightException: Error {
  message=&apos;Target page, context or browser has been closed
  name=&apos;TargetClosedError
  stack=&apos;TargetClosedError:Target page, context or browser has been closed
Error
    at captureRawStack (C:\Users\issac\AppData\Local\Temp\playwright-java-7296912848229626551\package\lib\utils\stackTrace.js:50:17)
    at LongStandingScope._race (C:\Users\issac\AppData\Local\Temp\playwright-java-7296912848229626551\package\lib\utils\manualPromise.js:91:52)
    at LongStandingScope.race (C:\Users\issac\AppData\Local\Temp\playwright-java-7296912848229626551\package\lib\utils\manualPromise.js:84:17)
    at C:\Users\issac\AppData\Local\Temp\playwright-java-7296912848229626551\package\lib\utils\manualPromise.js:81:43
    at Array.map (&lt;anonymous&gt;)
    at LongStandingScope.raceMultiple (C:\Users\issac\AppData\Local\Temp\playwright-java-7296912848229626551\package\lib\utils\manualPromise.js:81:32)
    at Frame.retryWithProgressAndTimeouts (C:\Users\issac\AppData\Local\Temp\playwright-java-7296912848229626551\package\lib\server\frames.js:908:40)
    at async C:\Users\issac\AppData\Local\Temp\playwright-java-7296912848229626551\package\lib\server\frames.js:997:29
    at async ProgressController.run (C:\Users\issac\AppData\Local\Temp\playwright-java-7296912848229626551\package\lib\server\progress.js:82:22)
    at async FrameDispatcher.click (C:\Users\issac\AppData\Local\Temp\playwright-java-7296912848229626551\package\lib\server\dispatchers\frameDispatcher.js:158:12)
    at async LongStandingScope._race (C:\Users\issac\AppData\Local\Temp\playwright-java-7296912848229626551\package\lib\utils\manualPromise.js:96:14)
    at async FrameDispatcher._handleCommand (C:\Users\issac\AppData\Local\Temp\playwright-java-7296912848229626551\package\lib\server\dispatchers\dispatcher.js:96:14)
    at async DispatcherConnection.dispatch (C:\Users\issac\AppData\Local\Temp\playwright-java-7296912848229626551\package\lib\server\dispatchers\dispatcher.js:365:22)
}
Call log:
- waiting for locator(&quot;#btnAssignInspector&quot;)

	at com.microsoft.playwright.impl.WaitableResult.get(WaitableResult.java:54)
	at com.microsoft.playwright.impl.ChannelOwner.runUntil(ChannelOwner.java:120)
	at com.microsoft.playwright.impl.Connection.sendMessage(Connection.java:130)
	at com.microsoft.playwright.impl.ChannelOwner.sendMessage(ChannelOwner.java:106)
	at com.microsoft.playwright.impl.FrameImpl.clickImpl(FrameImpl.java:252)
	at com.microsoft.playwright.impl.FrameImpl.lambda$click$8(FrameImpl.java:243)
	at com.microsoft.playwright.impl.LoggingSupport.lambda$withLogging$0(LoggingSupport.java:36)
	at com.microsoft.playwright.impl.LoggingSupport.withLogging(LoggingSupport.java:47)
	at com.microsoft.playwright.impl.ChannelOwner.withLogging(ChannelOwner.java:89)
	at com.microsoft.playwright.impl.LoggingSupport.withLogging(LoggingSupport.java:35)
	at com.microsoft.playwright.impl.FrameImpl.click(FrameImpl.java:243)
	at com.microsoft.playwright.impl.LocatorImpl.click(LocatorImpl.java:156)
	at com.microsoft.playwright.Locator.click(Locator.java:2387)
	at com.yokogawa.inspections.assign.InspectionAssign.RequesterInspectionAssign(InspectionAssign.java:38)
	at com.inspections.assign.InspectionAssignTest.InspectionAssignTestMethod(InspectionAssignTest.java:9)
	at java.base/java.util.ArrayList.forEach(ArrayList.java:1597)
	at com.intellij.rt.testng.IDEARemoteTestNG.run(IDEARemoteTestNG.java:65)
	at com.intellij.rt.testng.RemoteTestNGStarter.main(RemoteTestNGStarter.java:105)
Caused by: com.microsoft.playwright.impl.TargetClosedError: Error {
  message=&apos;Target page, context or browser has been closed
  name=&apos;TargetClosedError
  stack=&apos;TargetClosedError:Target page, context or browser has been closed
Error
    at captureRawStack (C:\Users\issac\AppData\Local\Temp\playwright-java-7296912848229626551\package\lib\utils\stackTrace.js:50:17)
    at LongStandingScope._race (C:\Users\issac\AppData\Local\Temp\playwright-java-7296912848229626551\package\lib\utils\manualPromise.js:91:52)
    at LongStandingScope.race (C:\Users\issac\AppData\Local\Temp\playwright-java-7296912848229626551\package\lib\utils\manualPromise.js:84:17)
    at C:\Users\issac\AppData\Local\Temp\playwright-java-7296912848229626551\package\lib\utils\manualPromise.js:81:43
    at Array.map (&lt;anonymous&gt;)
    at LongStandingScope.raceMultiple (C:\Users\issac\AppData\Local\Temp\playwright-java-7296912848229626551\package\lib\utils\manualPromise.js:81:32)
    at Frame.retryWithProgressAndTimeouts (C:\Users\issac\AppData\Local\Temp\playwright-java-7296912848229626551\package\lib\server\frames.js:908:40)
    at async C:\Users\issac\AppData\Local\Temp\playwright-java-7296912848229626551\package\lib\server\frames.js:997:29
    at async ProgressController.run (C:\Users\issac\AppData\Local\Temp\playwright-java-7296912848229626551\package\lib\server\progress.js:82:22)
    at async FrameDispatcher.click (C:\Users\issac\AppData\Local\Temp\playwright-java-7296912848229626551\package\lib\server\dispatchers\frameDispatcher.js:158:12)
    at async LongStandingScope._race (C:\Users\issac\AppData\Local\Temp\playwright-java-7296912848229626551\package\lib\utils\manualPromise.js:96:14)
    at async FrameDispatcher._handleCommand (C:\Users\issac\AppData\Local\Temp\playwright-java-7296912848229626551\package\lib\server\dispatchers\dispatcher.js:96:14)
    at async DispatcherConnection.dispatch (C:\Users\issac\AppData\Local\Temp\playwright-java-7296912848229626551\package\lib\server\dispatchers\dispatcher.js:365:22)
}
Call log:
- waiting for locator(&quot;#btnAssignInspector&quot;)

	at com.microsoft.playwright.impl.Connection.dispatch(Connection.java:256)
	at com.microsoft.playwright.impl.Connection.processOneMessage(Connection.java:211)
	at com.microsoft.playwright.impl.ChannelOwner.runUntil(ChannelOwner.java:118)
	... 38 more
... Removed 22 stack frames</div></td></tr></table><p class="totop"><a href="#summary">back to summary</a></p>
<h2>YEA NonCatalog Dispatch Notes Create Page Test</h2><h3 id="m17">com.dispatchnotes.create.DispatchNotesCreateTest#DispatchNotesCreateTestMethod</h3><table class="result"><tr><th>Exception</th></tr><tr><td><div class="stacktrace">java.lang.NullPointerException: Cannot invoke &quot;com.yokogawa.dispatchnotes.create.DispatchNoteCreateInterface.DNCreate()&quot; because &quot;this.dispatchNoteCreateInterface&quot; is null
	at com.dispatchnotes.create.DispatchNotesCreateTest.DispatchNotesCreateTestMethod(DispatchNotesCreateTest.java:9)
	at java.base/java.util.ArrayList.forEach(ArrayList.java:1597)
	at com.intellij.rt.testng.IDEARemoteTestNG.run(IDEARemoteTestNG.java:65)
	at com.intellij.rt.testng.RemoteTestNGStarter.main(RemoteTestNGStarter.java:105)
... Removed 22 stack frames</div></td></tr></table><p class="totop"><a href="#summary">back to summary</a></p>
<h2>YEA NonCatalog Dispatch Notes Assign Page Test</h2><h3 id="m18">com.dispatchnotes.assign.DispatchNotesAssignTest#DispatchNotesAssignTestMethod</h3><table class="result"><tr><th>Exception</th></tr><tr><td><div class="stacktrace">com.microsoft.playwright.impl.TargetClosedError: Target page, context or browser has been closed
	at com.microsoft.playwright.impl.PageImpl$WaitablePageClose.get(PageImpl.java:1395)
	at com.microsoft.playwright.impl.WaitableRace.get(WaitableRace.java:44)
	at com.microsoft.playwright.impl.WaitableRace.get(WaitableRace.java:44)
	at com.microsoft.playwright.impl.ChannelOwner.runUntil(ChannelOwner.java:120)
	at com.microsoft.playwright.impl.PageImpl.lambda$pause$59(PageImpl.java:978)
	at com.microsoft.playwright.impl.LoggingSupport.lambda$withLogging$0(LoggingSupport.java:36)
	at com.microsoft.playwright.impl.LoggingSupport.withLogging(LoggingSupport.java:47)
	at com.microsoft.playwright.impl.ChannelOwner.withLogging(ChannelOwner.java:89)
	at com.microsoft.playwright.impl.LoggingSupport.withLogging(LoggingSupport.java:35)
	at com.microsoft.playwright.impl.PageImpl.pause(PageImpl.java:972)
	at com.yokogawa.dispatchnotes.assign.DispatchNotesAssign.DNAssign(DispatchNotesAssign.java:29)
	at com.dispatchnotes.assign.DispatchNotesAssignTest.DispatchNotesAssignTestMethod(DispatchNotesAssignTest.java:9)
	at java.base/java.util.ArrayList.forEach(ArrayList.java:1597)
	at com.intellij.rt.testng.IDEARemoteTestNG.run(IDEARemoteTestNG.java:65)
	at com.intellij.rt.testng.RemoteTestNGStarter.main(RemoteTestNGStarter.java:105)
... Removed 22 stack frames</div></td></tr></table><p class="totop"><a href="#summary">back to summary</a></p>
<h2>YEA NonCatalog Work Orders Create Page Test</h2><h3 id="m19">com.workorders.create.WorkOrdersCreateTest#WorkOrdersCreateTestMethod</h3><table class="result"><tr><th>Exception</th></tr><tr><td><div class="stacktrace">java.lang.NullPointerException: Cannot invoke &quot;com.yokogawa.workorder.create.WorkOrderCreateInterface.WOCreate()&quot; because &quot;this.workOrderCreateInterface&quot; is null
	at com.workorders.create.WorkOrdersCreateTest.WorkOrdersCreateTestMethod(WorkOrdersCreateTest.java:9)
	at java.base/java.util.ArrayList.forEach(ArrayList.java:1597)
	at com.intellij.rt.testng.IDEARemoteTestNG.run(IDEARemoteTestNG.java:65)
	at com.intellij.rt.testng.RemoteTestNGStarter.main(RemoteTestNGStarter.java:105)
... Removed 22 stack frames</div></td></tr></table><p class="totop"><a href="#summary">back to summary</a></p>
<h2>YEA NonCatalog Work Orders Tracker Status Page Test</h2><h3 id="m20">com.workorders.trackerstatus.WOTrackerStatusTest#WOTrackerStatusTestMethod</h3><table class="result"><tr><th>Exception</th></tr><tr><td><div class="stacktrace">com.microsoft.playwright.PlaywrightException: Error {
  message=&apos;Target page, context or browser has been closed
  name=&apos;TargetClosedError
  stack=&apos;TargetClosedError: Target page, context or browser has been closed
    at DispatcherConnection.dispatch (C:\Users\issac\AppData\Local\Temp\playwright-java-7296912848229626551\package\lib\server\dispatchers\dispatcher.js:379:15)
}
Call log:
- waiting for getByPlaceholder(&quot;email@address.com&quot;)
-   locator resolved to &lt;input value=&quot;&quot; required=&quot;&quot; tabindex=&quot;1&quot; type=&quot;email&quot; d…/&gt;
- attempting click action
-   waiting for element to be visible, enabled and stable

	at com.microsoft.playwright.impl.WaitableResult.get(WaitableResult.java:54)
	at com.microsoft.playwright.impl.ChannelOwner.runUntil(ChannelOwner.java:120)
	at com.microsoft.playwright.impl.Connection.sendMessage(Connection.java:130)
	at com.microsoft.playwright.impl.ChannelOwner.sendMessage(ChannelOwner.java:106)
	at com.microsoft.playwright.impl.FrameImpl.clickImpl(FrameImpl.java:252)
	at com.microsoft.playwright.impl.FrameImpl.lambda$click$8(FrameImpl.java:243)
	at com.microsoft.playwright.impl.LoggingSupport.lambda$withLogging$0(LoggingSupport.java:36)
	at com.microsoft.playwright.impl.LoggingSupport.withLogging(LoggingSupport.java:47)
	at com.microsoft.playwright.impl.ChannelOwner.withLogging(ChannelOwner.java:89)
	at com.microsoft.playwright.impl.LoggingSupport.withLogging(LoggingSupport.java:35)
	at com.microsoft.playwright.impl.FrameImpl.click(FrameImpl.java:243)
	at com.microsoft.playwright.impl.LocatorImpl.click(LocatorImpl.java:156)
	at com.microsoft.playwright.Locator.click(Locator.java:2387)
	at com.yokogawa.login.LoginPage.LoginMethod(LoginPage.java:33)
	at com.yokogawa.workorder.create.WorkOrderCreate.WOCreate(WorkOrderCreate.java:28)
	at com.workorders.trackerstatus.WOTrackerStatusTest.WOTrackerStatusTestMethod(WOTrackerStatusTest.java:9)
	at java.base/java.util.ArrayList.forEach(ArrayList.java:1597)
	at com.intellij.rt.testng.IDEARemoteTestNG.run(IDEARemoteTestNG.java:65)
	at com.intellij.rt.testng.RemoteTestNGStarter.main(RemoteTestNGStarter.java:105)
Caused by: com.microsoft.playwright.impl.TargetClosedError: Error {
  message=&apos;Target page, context or browser has been closed
  name=&apos;TargetClosedError
  stack=&apos;TargetClosedError: Target page, context or browser has been closed
    at DispatcherConnection.dispatch (C:\Users\issac\AppData\Local\Temp\playwright-java-7296912848229626551\package\lib\server\dispatchers\dispatcher.js:379:15)
}
Call log:
- waiting for getByPlaceholder(&quot;email@address.com&quot;)
-   locator resolved to &lt;input value=&quot;&quot; required=&quot;&quot; tabindex=&quot;1&quot; type=&quot;email&quot; d…/&gt;
- attempting click action
-   waiting for element to be visible, enabled and stable

	at com.microsoft.playwright.impl.Connection.dispatch(Connection.java:256)
	at com.microsoft.playwright.impl.Connection.processOneMessage(Connection.java:211)
	at com.microsoft.playwright.impl.ChannelOwner.runUntil(ChannelOwner.java:118)
	... 39 more
... Removed 22 stack frames</div></td></tr></table><p class="totop"><a href="#summary">back to summary</a></p>
<h2>YEA NonCatalog Invoice Create Page Test</h2><h3 id="m21">com.invoice.create.InvoiceCreateTest#InvoiceCreateTestMethod</h3><table class="result"><tr><th>Exception</th></tr><tr><td><div class="stacktrace">com.microsoft.playwright.impl.TargetClosedError:
    Target page, context or browser has been closed
    at com.microsoft.playwright.impl.PageImpl$WaitablePageClose.get(PageImpl.java:1395)
    at com.microsoft.playwright.impl.WaitableRace.get(WaitableRace.java:44)
    at com.microsoft.playwright.impl.WaitableRace.get(WaitableRace.java:44)
    at com.microsoft.playwright.impl.ChannelOwner.runUntil(ChannelOwner.java:120)
    at com.microsoft.playwright.impl.PageImpl.lambda$pause$59(PageImpl.java:978)
    at com.microsoft.playwright.impl.LoggingSupport.lambda$withLogging$0(LoggingSupport.java:36)
    at com.microsoft.playwright.impl.LoggingSupport.withLogging(LoggingSupport.java:47)
    at com.microsoft.playwright.impl.ChannelOwner.withLogging(ChannelOwner.java:89)
    at com.microsoft.playwright.impl.LoggingSupport.withLogging(LoggingSupport.java:35)
    at com.microsoft.playwright.impl.PageImpl.pause(PageImpl.java:972)
    at com.yokogawa.invoice.create.POInvoiceCreate.VendorCreatePOInvoice(POInvoiceCreate.java:42)
    at com.invoice.create.InvoiceCreateTest.InvoiceCreateTestMethod(InvoiceCreateTest.java:9)
    at java.base/java.util.ArrayList.forEach(ArrayList.java:1597)
    at com.intellij.rt.testng.IDEARemoteTestNG.run(IDEARemoteTestNG.java:65)
    at com.intellij.rt.testng.RemoteTestNGStarter.main(RemoteTestNGStarter.java:105)
    ... Removed 22 stack frames</div></td></tr></table><p class="totop"><a href="#summary">back to summary</a></p>
</body>
</html>
